0    [XML-RPC-0] ERROR org.apache.xmlrpc.server.XmlRpcErrorLogger - Failed to invoke method execute in class com.nantic.jasperreports.JasperServer: sheetName must not be empty string
org.apache.xmlrpc.common.XmlRpcInvocationException: Failed to invoke method execute in class com.nantic.jasperreports.JasperServer: sheetName must not be empty string
	at org.apache.xmlrpc.server.ReflectiveXmlRpcHandler.invoke(ReflectiveXmlRpcHandler.java:129)
	at org.apache.xmlrpc.server.ReflectiveXmlRpcHandler.execute(ReflectiveXmlRpcHandler.java:106)
	at org.apache.xmlrpc.server.XmlRpcServerWorker.execute(XmlRpcServerWorker.java:46)
	at org.apache.xmlrpc.server.XmlRpcServer.execute(XmlRpcServer.java:86)
	at org.apache.xmlrpc.server.XmlRpcStreamServer.execute(XmlRpcStreamServer.java:200)
	at org.apache.xmlrpc.webserver.Connection.run(Connection.java:208)
	at org.apache.xmlrpc.util.ThreadPool$Poolable$1.run(ThreadPool.java:68)
Caused by: java.lang.IllegalArgumentException: sheetName must not be empty string
	at org.apache.poi.hssf.record.BoundSheetRecord.validateSheetName(BoundSheetRecord.java:102)
	at org.apache.poi.hssf.record.BoundSheetRecord.setSheetname(BoundSheetRecord.java:91)
	at org.apache.poi.hssf.model.Workbook.setSheetName(Workbook.java:551)
	at org.apache.poi.hssf.usermodel.HSSFWorkbook.createSheet(HSSFWorkbook.java:753)
	at net.sf.jasperreports.engine.export.JRXlsExporter.createSheet(JRXlsExporter.java:210)
	at net.sf.jasperreports.engine.export.JRXlsAbstractExporter.exportReportToStream(JRXlsAbstractExporter.java:396)
	at net.sf.jasperreports.engine.export.JRXlsAbstractExporter.exportReport(JRXlsAbstractExporter.java:208)
	at com.nantic.jasperreports.JasperServer.privateExecute(JasperServer.java:374)
	at com.nantic.jasperreports.JasperServer.execute(JasperServer.java:228)
	at sun.reflect.NativeMethodAccessorImpl.invoke0(Native Method)
	at sun.reflect.NativeMethodAccessorImpl.invoke(NativeMethodAccessorImpl.java:39)
	at sun.reflect.DelegatingMethodAccessorImpl.invoke(DelegatingMethodAccessorImpl.java:25)
	at java.lang.reflect.Method.invoke(Method.java:597)
	at org.apache.xmlrpc.server.ReflectiveXmlRpcHandler.invoke(ReflectiveXmlRpcHandler.java:115)
	... 6 more
Caused by:
java.lang.IllegalArgumentException: sheetName must not be empty string
	at org.apache.poi.hssf.record.BoundSheetRecord.validateSheetName(BoundSheetRecord.java:102)
	at org.apache.poi.hssf.record.BoundSheetRecord.setSheetname(BoundSheetRecord.java:91)
	at org.apache.poi.hssf.model.Workbook.setSheetName(Workbook.java:551)
	at org.apache.poi.hssf.usermodel.HSSFWorkbook.createSheet(HSSFWorkbook.java:753)
	at net.sf.jasperreports.engine.export.JRXlsExporter.createSheet(JRXlsExporter.java:210)
	at net.sf.jasperreports.engine.export.JRXlsAbstractExporter.exportReportToStream(JRXlsAbstractExporter.java:396)
	at net.sf.jasperreports.engine.export.JRXlsAbstractExporter.exportReport(JRXlsAbstractExporter.java:208)
	at com.nantic.jasperreports.JasperServer.privateExecute(JasperServer.java:374)
	at com.nantic.jasperreports.JasperServer.execute(JasperServer.java:228)
	at sun.reflect.NativeMethodAccessorImpl.invoke0(Native Method)
	at sun.reflect.NativeMethodAccessorImpl.invoke(NativeMethodAccessorImpl.java:39)
	at sun.reflect.DelegatingMethodAccessorImpl.invoke(DelegatingMethodAccessorImpl.java:25)
	at java.lang.reflect.Method.invoke(Method.java:597)
	at org.apache.xmlrpc.server.ReflectiveXmlRpcHandler.invoke(ReflectiveXmlRpcHandler.java:115)
	at org.apache.xmlrpc.server.ReflectiveXmlRpcHandler.execute(ReflectiveXmlRpcHandler.java:106)
	at org.apache.xmlrpc.server.XmlRpcServerWorker.execute(XmlRpcServerWorker.java:46)
	at org.apache.xmlrpc.server.XmlRpcServer.execute(XmlRpcServer.java:86)
	at org.apache.xmlrpc.server.XmlRpcStreamServer.execute(XmlRpcStreamServer.java:200)
	at org.apache.xmlrpc.webserver.Connection.run(Connection.java:208)
	at org.apache.xmlrpc.util.ThreadPool$Poolable$1.run(ThreadPool.java:68)
65398 [XML-RPC-0] ERROR org.apache.xmlrpc.server.XmlRpcErrorLogger - Failed to invoke method execute in class com.nantic.jasperreports.JasperServer: sheetName must not be empty string
org.apache.xmlrpc.common.XmlRpcInvocationException: Failed to invoke method execute in class com.nantic.jasperreports.JasperServer: sheetName must not be empty string
	at org.apache.xmlrpc.server.ReflectiveXmlRpcHandler.invoke(ReflectiveXmlRpcHandler.java:129)
	at org.apache.xmlrpc.server.ReflectiveXmlRpcHandler.execute(ReflectiveXmlRpcHandler.java:106)
	at org.apache.xmlrpc.server.XmlRpcServerWorker.execute(XmlRpcServerWorker.java:46)
	at org.apache.xmlrpc.server.XmlRpcServer.execute(XmlRpcServer.java:86)
	at org.apache.xmlrpc.server.XmlRpcStreamServer.execute(XmlRpcStreamServer.java:200)
	at org.apache.xmlrpc.webserver.Connection.run(Connection.java:208)
	at org.apache.xmlrpc.util.ThreadPool$Poolable$1.run(ThreadPool.java:68)
Caused by: java.lang.IllegalArgumentException: sheetName must not be empty string
	at org.apache.poi.hssf.record.BoundSheetRecord.validateSheetName(BoundSheetRecord.java:102)
	at org.apache.poi.hssf.record.BoundSheetRecord.setSheetname(BoundSheetRecord.java:91)
	at org.apache.poi.hssf.model.Workbook.setSheetName(Workbook.java:551)
	at org.apache.poi.hssf.usermodel.HSSFWorkbook.createSheet(HSSFWorkbook.java:753)
	at net.sf.jasperreports.engine.export.JRXlsExporter.createSheet(JRXlsExporter.java:210)
	at net.sf.jasperreports.engine.export.JRXlsAbstractExporter.exportReportToStream(JRXlsAbstractExporter.java:396)
	at net.sf.jasperreports.engine.export.JRXlsAbstractExporter.exportReport(JRXlsAbstractExporter.java:208)
	at com.nantic.jasperreports.JasperServer.privateExecute(JasperServer.java:374)
	at com.nantic.jasperreports.JasperServer.execute(JasperServer.java:228)
	at sun.reflect.NativeMethodAccessorImpl.invoke0(Native Method)
	at sun.reflect.NativeMethodAccessorImpl.invoke(NativeMethodAccessorImpl.java:39)
	at sun.reflect.DelegatingMethodAccessorImpl.invoke(DelegatingMethodAccessorImpl.java:25)
	at java.lang.reflect.Method.invoke(Method.java:597)
	at org.apache.xmlrpc.server.ReflectiveXmlRpcHandler.invoke(ReflectiveXmlRpcHandler.java:115)
	... 6 more
Caused by:
java.lang.IllegalArgumentException: sheetName must not be empty string
	at org.apache.poi.hssf.record.BoundSheetRecord.validateSheetName(BoundSheetRecord.java:102)
	at org.apache.poi.hssf.record.BoundSheetRecord.setSheetname(BoundSheetRecord.java:91)
	at org.apache.poi.hssf.model.Workbook.setSheetName(Workbook.java:551)
	at org.apache.poi.hssf.usermodel.HSSFWorkbook.createSheet(HSSFWorkbook.java:753)
	at net.sf.jasperreports.engine.export.JRXlsExporter.createSheet(JRXlsExporter.java:210)
	at net.sf.jasperreports.engine.export.JRXlsAbstractExporter.exportReportToStream(JRXlsAbstractExporter.java:396)
	at net.sf.jasperreports.engine.export.JRXlsAbstractExporter.exportReport(JRXlsAbstractExporter.java:208)
	at com.nantic.jasperreports.JasperServer.privateExecute(JasperServer.java:374)
	at com.nantic.jasperreports.JasperServer.execute(JasperServer.java:228)
	at sun.reflect.NativeMethodAccessorImpl.invoke0(Native Method)
	at sun.reflect.NativeMethodAccessorImpl.invoke(NativeMethodAccessorImpl.java:39)
	at sun.reflect.DelegatingMethodAccessorImpl.invoke(DelegatingMethodAccessorImpl.java:25)
	at java.lang.reflect.Method.invoke(Method.java:597)
	at org.apache.xmlrpc.server.ReflectiveXmlRpcHandler.invoke(ReflectiveXmlRpcHandler.java:115)
	at org.apache.xmlrpc.server.ReflectiveXmlRpcHandler.execute(ReflectiveXmlRpcHandler.java:106)
	at org.apache.xmlrpc.server.XmlRpcServerWorker.execute(XmlRpcServerWorker.java:46)
	at org.apache.xmlrpc.server.XmlRpcServer.execute(XmlRpcServer.java:86)
	at org.apache.xmlrpc.server.XmlRpcStreamServer.execute(XmlRpcStreamServer.java:200)
	at org.apache.xmlrpc.webserver.Connection.run(Connection.java:208)
	at org.apache.xmlrpc.util.ThreadPool$Poolable$1.run(ThreadPool.java:68)
80979 [XML-RPC-0] ERROR org.apache.xmlrpc.server.XmlRpcErrorLogger - Failed to invoke method execute in class com.nantic.jasperreports.JasperServer: sheetName must not be empty string
org.apache.xmlrpc.common.XmlRpcInvocationException: Failed to invoke method execute in class com.nantic.jasperreports.JasperServer: sheetName must not be empty string
	at org.apache.xmlrpc.server.ReflectiveXmlRpcHandler.invoke(ReflectiveXmlRpcHandler.java:129)
	at org.apache.xmlrpc.server.ReflectiveXmlRpcHandler.execute(ReflectiveXmlRpcHandler.java:106)
	at org.apache.xmlrpc.server.XmlRpcServerWorker.execute(XmlRpcServerWorker.java:46)
	at org.apache.xmlrpc.server.XmlRpcServer.execute(XmlRpcServer.java:86)
	at org.apache.xmlrpc.server.XmlRpcStreamServer.execute(XmlRpcStreamServer.java:200)
	at org.apache.xmlrpc.webserver.Connection.run(Connection.java:208)
	at org.apache.xmlrpc.util.ThreadPool$Poolable$1.run(ThreadPool.java:68)
Caused by: java.lang.IllegalArgumentException: sheetName must not be empty string
	at org.apache.poi.hssf.record.BoundSheetRecord.validateSheetName(BoundSheetRecord.java:102)
	at org.apache.poi.hssf.record.BoundSheetRecord.setSheetname(BoundSheetRecord.java:91)
	at org.apache.poi.hssf.model.Workbook.setSheetName(Workbook.java:551)
	at org.apache.poi.hssf.usermodel.HSSFWorkbook.createSheet(HSSFWorkbook.java:753)
	at net.sf.jasperreports.engine.export.JRXlsExporter.createSheet(JRXlsExporter.java:210)
	at net.sf.jasperreports.engine.export.JRXlsAbstractExporter.exportReportToStream(JRXlsAbstractExporter.java:396)
	at net.sf.jasperreports.engine.export.JRXlsAbstractExporter.exportReport(JRXlsAbstractExporter.java:208)
	at com.nantic.jasperreports.JasperServer.privateExecute(JasperServer.java:374)
	at com.nantic.jasperreports.JasperServer.execute(JasperServer.java:228)
	at sun.reflect.NativeMethodAccessorImpl.invoke0(Native Method)
	at sun.reflect.NativeMethodAccessorImpl.invoke(NativeMethodAccessorImpl.java:39)
	at sun.reflect.DelegatingMethodAccessorImpl.invoke(DelegatingMethodAccessorImpl.java:25)
	at java.lang.reflect.Method.invoke(Method.java:597)
	at org.apache.xmlrpc.server.ReflectiveXmlRpcHandler.invoke(ReflectiveXmlRpcHandler.java:115)
	... 6 more
Caused by:
java.lang.IllegalArgumentException: sheetName must not be empty string
	at org.apache.poi.hssf.record.BoundSheetRecord.validateSheetName(BoundSheetRecord.java:102)
	at org.apache.poi.hssf.record.BoundSheetRecord.setSheetname(BoundSheetRecord.java:91)
	at org.apache.poi.hssf.model.Workbook.setSheetName(Workbook.java:551)
	at org.apache.poi.hssf.usermodel.HSSFWorkbook.createSheet(HSSFWorkbook.java:753)
	at net.sf.jasperreports.engine.export.JRXlsExporter.createSheet(JRXlsExporter.java:210)
	at net.sf.jasperreports.engine.export.JRXlsAbstractExporter.exportReportToStream(JRXlsAbstractExporter.java:396)
	at net.sf.jasperreports.engine.export.JRXlsAbstractExporter.exportReport(JRXlsAbstractExporter.java:208)
	at com.nantic.jasperreports.JasperServer.privateExecute(JasperServer.java:374)
	at com.nantic.jasperreports.JasperServer.execute(JasperServer.java:228)
	at sun.reflect.NativeMethodAccessorImpl.invoke0(Native Method)
	at sun.reflect.NativeMethodAccessorImpl.invoke(NativeMethodAccessorImpl.java:39)
	at sun.reflect.DelegatingMethodAccessorImpl.invoke(DelegatingMethodAccessorImpl.java:25)
	at java.lang.reflect.Method.invoke(Method.java:597)
	at org.apache.xmlrpc.server.ReflectiveXmlRpcHandler.invoke(ReflectiveXmlRpcHandler.java:115)
	at org.apache.xmlrpc.server.ReflectiveXmlRpcHandler.execute(ReflectiveXmlRpcHandler.java:106)
	at org.apache.xmlrpc.server.XmlRpcServerWorker.execute(XmlRpcServerWorker.java:46)
	at org.apache.xmlrpc.server.XmlRpcServer.execute(XmlRpcServer.java:86)
	at org.apache.xmlrpc.server.XmlRpcStreamServer.execute(XmlRpcStreamServer.java:200)
	at org.apache.xmlrpc.webserver.Connection.run(Connection.java:208)
	at org.apache.xmlrpc.util.ThreadPool$Poolable$1.run(ThreadPool.java:68)
0    [XML-RPC-0] ERROR org.apache.xmlrpc.server.XmlRpcErrorLogger - Failed to invoke method execute in class com.nantic.jasperreports.JasperServer: sheetName must not be empty string
org.apache.xmlrpc.common.XmlRpcInvocationException: Failed to invoke method execute in class com.nantic.jasperreports.JasperServer: sheetName must not be empty string
	at org.apache.xmlrpc.server.ReflectiveXmlRpcHandler.invoke(ReflectiveXmlRpcHandler.java:129)
	at org.apache.xmlrpc.server.ReflectiveXmlRpcHandler.execute(ReflectiveXmlRpcHandler.java:106)
	at org.apache.xmlrpc.server.XmlRpcServerWorker.execute(XmlRpcServerWorker.java:46)
	at org.apache.xmlrpc.server.XmlRpcServer.execute(XmlRpcServer.java:86)
	at org.apache.xmlrpc.server.XmlRpcStreamServer.execute(XmlRpcStreamServer.java:200)
	at org.apache.xmlrpc.webserver.Connection.run(Connection.java:208)
	at org.apache.xmlrpc.util.ThreadPool$Poolable$1.run(ThreadPool.java:68)
Caused by: java.lang.IllegalArgumentException: sheetName must not be empty string
	at org.apache.poi.hssf.record.BoundSheetRecord.validateSheetName(BoundSheetRecord.java:102)
	at org.apache.poi.hssf.record.BoundSheetRecord.setSheetname(BoundSheetRecord.java:91)
	at org.apache.poi.hssf.model.Workbook.setSheetName(Workbook.java:551)
	at org.apache.poi.hssf.usermodel.HSSFWorkbook.createSheet(HSSFWorkbook.java:753)
	at net.sf.jasperreports.engine.export.JRXlsExporter.createSheet(JRXlsExporter.java:210)
	at net.sf.jasperreports.engine.export.JRXlsAbstractExporter.exportReportToStream(JRXlsAbstractExporter.java:396)
	at net.sf.jasperreports.engine.export.JRXlsAbstractExporter.exportReport(JRXlsAbstractExporter.java:208)
	at com.nantic.jasperreports.JasperServer.privateExecute(JasperServer.java:374)
	at com.nantic.jasperreports.JasperServer.execute(JasperServer.java:228)
	at sun.reflect.NativeMethodAccessorImpl.invoke0(Native Method)
	at sun.reflect.NativeMethodAccessorImpl.invoke(NativeMethodAccessorImpl.java:39)
	at sun.reflect.DelegatingMethodAccessorImpl.invoke(DelegatingMethodAccessorImpl.java:25)
	at java.lang.reflect.Method.invoke(Method.java:597)
	at org.apache.xmlrpc.server.ReflectiveXmlRpcHandler.invoke(ReflectiveXmlRpcHandler.java:115)
	... 6 more
Caused by:
java.lang.IllegalArgumentException: sheetName must not be empty string
	at org.apache.poi.hssf.record.BoundSheetRecord.validateSheetName(BoundSheetRecord.java:102)
	at org.apache.poi.hssf.record.BoundSheetRecord.setSheetname(BoundSheetRecord.java:91)
	at org.apache.poi.hssf.model.Workbook.setSheetName(Workbook.java:551)
	at org.apache.poi.hssf.usermodel.HSSFWorkbook.createSheet(HSSFWorkbook.java:753)
	at net.sf.jasperreports.engine.export.JRXlsExporter.createSheet(JRXlsExporter.java:210)
	at net.sf.jasperreports.engine.export.JRXlsAbstractExporter.exportReportToStream(JRXlsAbstractExporter.java:396)
	at net.sf.jasperreports.engine.export.JRXlsAbstractExporter.exportReport(JRXlsAbstractExporter.java:208)
	at com.nantic.jasperreports.JasperServer.privateExecute(JasperServer.java:374)
	at com.nantic.jasperreports.JasperServer.execute(JasperServer.java:228)
	at sun.reflect.NativeMethodAccessorImpl.invoke0(Native Method)
	at sun.reflect.NativeMethodAccessorImpl.invoke(NativeMethodAccessorImpl.java:39)
	at sun.reflect.DelegatingMethodAccessorImpl.invoke(DelegatingMethodAccessorImpl.java:25)
	at java.lang.reflect.Method.invoke(Method.java:597)
	at org.apache.xmlrpc.server.ReflectiveXmlRpcHandler.invoke(ReflectiveXmlRpcHandler.java:115)
	at org.apache.xmlrpc.server.ReflectiveXmlRpcHandler.execute(ReflectiveXmlRpcHandler.java:106)
	at org.apache.xmlrpc.server.XmlRpcServerWorker.execute(XmlRpcServerWorker.java:46)
	at org.apache.xmlrpc.server.XmlRpcServer.execute(XmlRpcServer.java:86)
	at org.apache.xmlrpc.server.XmlRpcStreamServer.execute(XmlRpcStreamServer.java:200)
	at org.apache.xmlrpc.webserver.Connection.run(Connection.java:208)
	at org.apache.xmlrpc.util.ThreadPool$Poolable$1.run(ThreadPool.java:68)
